[edisone@manjaro ~]$ sudo /home/edisone/Documents/research/GreatSPN/DSPN-Tool-Release -load /home/edisone/Documents/research/GreatSPN/nets/MacroscopicTests/macroscopic.PNPRO.solution/GSPNC1 -epsilon 1.0E-7 -on-the-fly -i -i-power -rpar AR1 30.0 -rpar BR1 20.0 -rpar CR1 10.0 -mpar I 3 -mpar NR1 10 -s -all-measures
[sudo] password for edisone: 
LOADING PETRI NET FILES /home/edisone/Documents/research/GreatSPN/nets/MacroscopicTests/macroscopic.PNPRO.solution/GSPNC1.net AND /home/edisone/Documents/research/GreatSPN/nets/MacroscopicTests/macroscopic.PNPRO.solution/GSPNC1.def ...
MARKING PAR: 2
PLACES:      6
RATE PAR:    3
TRANSITIONS: 6
MEASURES:    0
LOADING TIME: [User 0.000s, Sys 0.000s]


MAX. RESIDUAL ERROR SET TO 1e-07 FOR NUMERICAL ANALYSIS.
USING ON-THE-FLY STATE SPACE CONSTRUCTION OF CSL^TA MODEL CHECKING.
USING IMPLICIT STEADY STATE MRP SOLUTION METHOD.
USING POWER METHOD METHOD FOR IMPLICIT STATIONARY ANALYSIS.
RATE PARAMETER "AR1" SET TO 30
RATE PARAMETER "BR1" SET TO 20
RATE PARAMETER "CR1" SET TO 10
MARKING PARAMETER "I" SET TO 3
MARKING PARAMETER "NR1" SET TO 10
                                                                              

TANGIBLE STATES:                    35
VANISHING STATES:                    0
NUMBER OF TIMED EDGES:              90  (90 T->T, 0 T->V, 0 T->V*->T).
NUMBER OF IMMEDIATE EDGES:           0  (0 V->T, 0 V->V).
TOTAL NUMBER OF EDGES:              90
IMMEDIATE TRNS. FIRINGS:             0
TIMED TRNS. FIRINGS:                90
VISITED VANISHING STATES:            0
GENERAL TRANSITIONS:                 0
NON-PREEMPTIVE EXP. TRNS.:          90
PREEMPTIVE EXP. TRANSITIONS:         0
MEMORY USAGE:
TRANSITION-SET ENTRIES:              0
VANISH-PATH ENTRIES:                 0
VANISH-PATH-SET ENTRIES:             0
PACKED MARKINGS:                   114 BYTES
STATE SET DATA:                     44 BYTES
EDGES DATA:                        579 BYTES

PACKED TANGIBLE MARKINGS TABLE:
STORED SEQUENCES: 35, FRAGMENTS: 22
  SEQUENCES MEMORY:         80 BYTES.
  FRAGMENTS MEMORY:         34 BYTES.
      TOTAL MEMORY:        114 BYTES.
MEAN MEMORY PER SEQUENCE IS: 3.25714 BYTES.
  USED FOR SEQUENCE DATA: 2.28571 BYTES.
        USED FOR HASHING: 0 BYTES.
      USED FOR FRAGMENTS: 0.971429 BYTES.
BUILD TIME: [User 0.000s, Sys 0.000s]


THE RG IS A CONTINUOS TIME MARKOV CHAIN


COMPUTING STEADY STATE SOLUTION OF THE CTMC...
FORWARD STEADY STATE SOLUTION OF ERGODIC CTMC.
FORWARD GAUSS-SEIDEL: convergence in 37 iterations, err=8.35310e-08               



STEADY STATE SOLUTION COMPUTED.

SOLUTION TIME: [User 0.000s, Sys 0.000s]

COMPUTING BASIC PETRI NET MEASURES.
E{a} = 0.0576923
E{c} = 1.15385
E{R1} = 7.11538
E{b} = 0.0230769
E{d} = 0.0346154
E{e} = 1.73077
Distrib{a} = { 0.94341, 0.0554947, 0.00108813, 7.11197e-06 }
Distrib{c} = { 0.233045, 0.436959, 0.2731, 0.0568958 }
Distrib{R1} = { 0, 0, 0, 0, 0, 0, 0, 0.888996, 0.10668, 0.00426718, 5.68958e-05 }
Distrib{b} = { 0.9771, 0.0227233, 0.000176149, 4.55166e-07 }
Distrib{d} = { 0.965782, 0.0338212, 0.0003948, 1.53619e-06 }
Distrib{e} = { 0.0757284, 0.309798, 0.422451, 0.192023 }
X{ExecPA1} = 1.15385
X{Xor1} = 1.15385
X{Xor2} = 1.73077
X{AlcPA1} = 1.15385
X{AlcPB1} = 1.73077
X{ExecPB1} = 1.73077


BASIC PETRI NET MEASURES COMPUTED.
[edisone@manjaro ~]$ sudo /home/edisone/Documents/research/GreatSPN/DSPN-Tool-Release -load /home/edisone/Documents/research/GreatSPN/nets/MacroscopicTests/macroscopic.PNPRO.solution/GSPNC1 -epsilon 1.0E-7 -on-the-fly -i -i-power -rpar AR1 30.0 -rpar BR1 20.0 -rpar CR1 10.0 -mpar I 4 -mpar NR1 10 -s -all-measures
LOADING PETRI NET FILES /home/edisone/Documents/research/GreatSPN/nets/MacroscopicTests/macroscopic.PNPRO.solution/GSPNC1.net AND /home/edisone/Documents/research/GreatSPN/nets/MacroscopicTests/macroscopic.PNPRO.solution/GSPNC1.def ...
MARKING PAR: 2
PLACES:      6
RATE PAR:    3
TRANSITIONS: 6
MEASURES:    0
LOADING TIME: [User 0.000s, Sys 0.000s]


MAX. RESIDUAL ERROR SET TO 1e-07 FOR NUMERICAL ANALYSIS.
USING ON-THE-FLY STATE SPACE CONSTRUCTION OF CSL^TA MODEL CHECKING.
USING IMPLICIT STEADY STATE MRP SOLUTION METHOD.
USING POWER METHOD METHOD FOR IMPLICIT STATIONARY ANALYSIS.
RATE PARAMETER "AR1" SET TO 30
RATE PARAMETER "BR1" SET TO 20
RATE PARAMETER "CR1" SET TO 10
MARKING PARAMETER "I" SET TO 4
MARKING PARAMETER "NR1" SET TO 10
                                                                              

TANGIBLE STATES:                    70
VANISHING STATES:                    0
NUMBER OF TIMED EDGES:             210  (210 T->T, 0 T->V, 0 T->V*->T).
NUMBER OF IMMEDIATE EDGES:           0  (0 V->T, 0 V->V).
TOTAL NUMBER OF EDGES:             210
IMMEDIATE TRNS. FIRINGS:             0
TIMED TRNS. FIRINGS:               210
VISITED VANISHING STATES:            0
GENERAL TRANSITIONS:                 0
NON-PREEMPTIVE EXP. TRNS.:         210
PREEMPTIVE EXP. TRANSITIONS:         0
MEMORY USAGE:
TRANSITION-SET ENTRIES:              0
VANISH-PATH ENTRIES:                 0
VANISH-PATH-SET ENTRIES:             0
PACKED MARKINGS:                   245 BYTES
STATE SET DATA:                     97 BYTES
EDGES DATA:                       1103 BYTES

PACKED TANGIBLE MARKINGS TABLE:
STORED SEQUENCES: 70, FRAGMENTS: 41
  SEQUENCES MEMORY:        177 BYTES.
  FRAGMENTS MEMORY:         68 BYTES.
      TOTAL MEMORY:        245 BYTES.
MEAN MEMORY PER SEQUENCE IS: 3.5 BYTES.
  USED FOR SEQUENCE DATA: 2.52857 BYTES.
        USED FOR HASHING: 0 BYTES.
      USED FOR FRAGMENTS: 0.971429 BYTES.
BUILD TIME: [User 0.003s, Sys 0.000s]


THE RG IS A CONTINUOS TIME MARKOV CHAIN


COMPUTING STEADY STATE SOLUTION OF THE CTMC...
FORWARD STEADY STATE SOLUTION OF ERGODIC CTMC.
FORWARD GAUSS-SEIDEL: convergence in 49 iterations, err=8.59722e-08               



STEADY STATE SOLUTION COMPUTED.

SOLUTION TIME: [User 0.003s, Sys 0.000s]

COMPUTING BASIC PETRI NET MEASURES.
E{a} = 0.0769231
E{c} = 1.53846
E{R1} = 6.15385
E{b} = 0.0307692
E{d} = 0.0461538
E{e} = 2.30769
Distrib{a} = { 0.925268, 0.07257, 0.00213441, 2.79008e-05, 1.36769e-07 }
Distrib{c} = { 0.143412, 0.358531, 0.336123, 0.140051, 0.0218831 }
Distrib{R1} = { 0, 0, 0, 0, 0, 0, 0.854804, 0.136769, 0.00820612, 0.00021883, 2.1883e-06 }
Distrib{b} = { 0.969584, 0.0300646, 0.000349589, 1.80666e-06, 3.50128e-09 }
Distrib{d} = { 0.954639, 0.0445746, 0.000780489, 6.07384e-06, 1.77252e-08 }
Distrib{e} = { 0.032039, 0.174758, 0.357459, 0.324962, 0.110782 }
X{ExecPA1} = 1.53846
X{Xor1} = 1.53846
X{Xor2} = 2.30769
X{AlcPA1} = 1.53846
X{AlcPB1} = 2.30769
X{ExecPB1} = 2.30769


BASIC PETRI NET MEASURES COMPUTED.
[edisone@manjaro ~]$ sudo /home/edisone/Documents/research/GreatSPN/DSPN-Tool-Release -load /home/edisone/Documents/research/GreatSPN/nets/MacroscopicTests/macroscopic.PNPRO.solution/GSPNC1 -epsilon 1.0E-7 -on-the-fly -i -i-power -rpar AR1 30.0 -rpar BR1 20.0 -rpar CR1 10.0 -mpar I 5 -mpar NR1 10 -s -all-measures
LOADING PETRI NET FILES /home/edisone/Documents/research/GreatSPN/nets/MacroscopicTests/macroscopic.PNPRO.solution/GSPNC1.net AND /home/edisone/Documents/research/GreatSPN/nets/MacroscopicTests/macroscopic.PNPRO.solution/GSPNC1.def ...
MARKING PAR: 2
PLACES:      6
RATE PAR:    3
TRANSITIONS: 6
MEASURES:    0
LOADING TIME: [User 0.000s, Sys 0.000s]


MAX. RESIDUAL ERROR SET TO 1e-07 FOR NUMERICAL ANALYSIS.
USING ON-THE-FLY STATE SPACE CONSTRUCTION OF CSL^TA MODEL CHECKING.
USING IMPLICIT STEADY STATE MRP SOLUTION METHOD.
USING POWER METHOD METHOD FOR IMPLICIT STATIONARY ANALYSIS.
RATE PARAMETER "AR1" SET TO 30
RATE PARAMETER "BR1" SET TO 20
RATE PARAMETER "CR1" SET TO 10
MARKING PARAMETER "I" SET TO 5
MARKING PARAMETER "NR1" SET TO 10
                                                                              

TANGIBLE STATES:                   126
VANISHING STATES:                    0
NUMBER OF TIMED EDGES:             420  (420 T->T, 0 T->V, 0 T->V*->T).
NUMBER OF IMMEDIATE EDGES:           0  (0 V->T, 0 V->V).
TOTAL NUMBER OF EDGES:             420
IMMEDIATE TRNS. FIRINGS:             0
TIMED TRNS. FIRINGS:               420
VISITED VANISHING STATES:            0
GENERAL TRANSITIONS:                 0
NON-PREEMPTIVE EXP. TRNS.:         420
PREEMPTIVE EXP. TRANSITIONS:         0
MEMORY USAGE:
TRANSITION-SET ENTRIES:              0
VANISH-PATH ENTRIES:                 0
VANISH-PATH-SET ENTRIES:             0
PACKED MARKINGS:                   496 BYTES
STATE SET DATA:                    189 BYTES
EDGES DATA:                       1947 BYTES

PACKED TANGIBLE MARKINGS TABLE:
STORED SEQUENCES: 126, FRAGMENTS: 68
  SEQUENCES MEMORY:        333 BYTES.
  FRAGMENTS MEMORY:        163 BYTES.
      TOTAL MEMORY:        496 BYTES.
MEAN MEMORY PER SEQUENCE IS: 3.93651 BYTES.
  USED FOR SEQUENCE DATA: 2.64286 BYTES.
        USED FOR HASHING: 0 BYTES.
      USED FOR FRAGMENTS: 1.29365 BYTES.
BUILD TIME: [User 0.003s, Sys 0.000s]


THE RG IS A CONTINUOS TIME MARKOV CHAIN


COMPUTING STEADY STATE SOLUTION OF THE CTMC...
FORWARD STEADY STATE SOLUTION OF ERGODIC CTMC.
FORWARD GAUSS-SEIDEL: convergence in 62 iterations, err=8.76026e-08               



STEADY STATE SOLUTION COMPUTED.

SOLUTION TIME: [User 0.006s, Sys 0.000s]

COMPUTING BASIC PETRI NET MEASURES.
E{a} = 0.0961538
E{c} = 1.92308
E{R1} = 5.19231
E{b} = 0.0384615
E{d} = 0.0576923
E{e} = 2.88461
Distrib{a} = { 0.907474, 0.088968, 0.00348894, 6.84106e-05, 6.70693e-07, 2.63017e-09 }
Distrib{c} = { 0.0882534, 0.275793, 0.344741, 0.215464, 0.0673325, 0.00841658 }
Distrib{R1} = { 0, 0, 0, 0, 0, 0.821927, 0.164385, 0.0131508, 0.000526033, 1.05207e-05, 8.41653e-08 }
Distrib{b} = { 0.962126, 0.0372917, 0.000578166, 4.48191e-06, 1.73717e-08, 2.69329e-11 }
Distrib{d} = { 0.943624, 0.0550753, 0.00128581, 1.50094e-05, 8.76035e-08, 2.04522e-10 }
Distrib{e} = { 0.013555, 0.0924202, 0.252055, 0.34371, 0.234347, 0.0639128 }
X{ExecPA1} = 1.92308
X{Xor1} = 1.92308
X{Xor2} = 2.88462
X{AlcPA1} = 1.92308
X{AlcPB1} = 2.88462
X{ExecPB1} = 2.88461


BASIC PETRI NET MEASURES COMPUTED.
[edisone@manjaro ~]$ sudo /home/edisone/Documents/research/GreatSPN/DSPN-Tool-Release -load /home/edisone/Documents/research/GreatSPN/nets/MacroscopicTests/macroscopic.PNPRO.solution/GSPNC1 -epsilon 1.0E-7 -on-the-fly -i -i-power -rpar AR1 30.0 -rpar BR1 20.0 -rpar CR1 10.0 -mpar I 6 -mpar NR1 10 -s -all-measures
LOADING PETRI NET FILES /home/edisone/Documents/research/GreatSPN/nets/MacroscopicTests/macroscopic.PNPRO.solution/GSPNC1.net AND /home/edisone/Documents/research/GreatSPN/nets/MacroscopicTests/macroscopic.PNPRO.solution/GSPNC1.def ...
MARKING PAR: 2
PLACES:      6
RATE PAR:    3
TRANSITIONS: 6
MEASURES:    0
LOADING TIME: [User 0.000s, Sys 0.000s]


MAX. RESIDUAL ERROR SET TO 1e-07 FOR NUMERICAL ANALYSIS.
USING ON-THE-FLY STATE SPACE CONSTRUCTION OF CSL^TA MODEL CHECKING.
USING IMPLICIT STEADY STATE MRP SOLUTION METHOD.
USING POWER METHOD METHOD FOR IMPLICIT STATIONARY ANALYSIS.
RATE PARAMETER "AR1" SET TO 30
RATE PARAMETER "BR1" SET TO 20
RATE PARAMETER "CR1" SET TO 10
MARKING PARAMETER "I" SET TO 6
MARKING PARAMETER "NR1" SET TO 10
                                                                              

TANGIBLE STATES:                   210
VANISHING STATES:                    0
NUMBER OF TIMED EDGES:             756  (756 T->T, 0 T->V, 0 T->V*->T).
NUMBER OF IMMEDIATE EDGES:           0  (0 V->T, 0 V->V).
TOTAL NUMBER OF EDGES:             756
IMMEDIATE TRNS. FIRINGS:             0
TIMED TRNS. FIRINGS:               756
VISITED VANISHING STATES:            0
GENERAL TRANSITIONS:                 0
NON-PREEMPTIVE EXP. TRNS.:         756
PREEMPTIVE EXP. TRANSITIONS:         0
MEMORY USAGE:
TRANSITION-SET ENTRIES:              0
VANISH-PATH ENTRIES:                 0
VANISH-PATH-SET ENTRIES:             0
PACKED MARKINGS:                   852 BYTES
STATE SET DATA:                    342 BYTES
EDGES DATA:                       3397 BYTES

PACKED TANGIBLE MARKINGS TABLE:
STORED SEQUENCES: 210, FRAGMENTS: 104
  SEQUENCES MEMORY:        579 BYTES.
  FRAGMENTS MEMORY:        273 BYTES.
      TOTAL MEMORY:        852 BYTES.
MEAN MEMORY PER SEQUENCE IS: 4.05714 BYTES.
  USED FOR SEQUENCE DATA: 2.75714 BYTES.
        USED FOR HASHING: 0 BYTES.
      USED FOR FRAGMENTS: 1.3 BYTES.
BUILD TIME: [User 0.003s, Sys 0.000s]


THE RG IS A CONTINUOS TIME MARKOV CHAIN


COMPUTING STEADY STATE SOLUTION OF THE CTMC...
FORWARD STEADY STATE SOLUTION OF ERGODIC CTMC.
FORWARD GAUSS-SEIDEL: convergence in 74 iterations, err=8.81043e-08               



STEADY STATE SOLUTION COMPUTED.

SOLUTION TIME: [User 0.006s, Sys 0.003s]

COMPUTING BASIC PETRI NET MEASURES.
E{a} = 0.115385
E{c} = 2.3077
E{R1} = 4.23077
E{b} = 0.0461538
E{d} = 0.0692308
E{e} = 3.46154
Distrib{a} = { 0.890023, 0.104709, 0.00513277, 0.00013419, 1.97338e-06, 1.54775e-08, 5.05801e-11 }
Distrib{c} = { 0.0543097, 0.203662, 0.318222, 0.265186, 0.124306, 0.0310766, 0.00323716 }
Distrib{R1} = { 0, 0, 0, 0, 0.790315, 0.189675, 0.0189675, 0.0010116, 3.03481e-05, 4.85569e-07, 3.23713e-09 }
Distrib{b} = { 0.954725, 0.0444058, 0.000860577, 8.89486e-06, 5.17143e-08, 1.60354e-10, 2.07176e-13 }
Distrib{d} = { 0.932736, 0.0653278, 0.00190645, 2.96724e-05, 2.59778e-07, 1.21297e-09, 2.35987e-12 }
Distrib{e} = { 0.00573482, 0.0469211, 0.159958, 0.290832, 0.297441, 0.16224, 0.0368727 }
X{ExecPA1} = 2.3077
X{Xor1} = 2.30769
X{Xor2} = 3.46154
X{AlcPA1} = 2.30769
X{AlcPB1} = 3.46154
X{ExecPB1} = 3.46154


BASIC PETRI NET MEASURES COMPUTED.
[edisone@manjaro ~]$ sudo /home/edisone/Documents/research/GreatSPN/DSPN-Tool-Release -load /home/edisone/Documents/research/GreatSPN/nets/MacroscopicTests/macroscopic.PNPRO.solution/GSPNC1 -epsilon 1.0E-7 -on-the-fly -i -i-power -rpar AR1 30.0 -rpar BR1 20.0 -rpar CR1 10.0 -mpar I 7 -mpar NR1 10 -s -all-measures
LOADING PETRI NET FILES /home/edisone/Documents/research/GreatSPN/nets/MacroscopicTests/macroscopic.PNPRO.solution/GSPNC1.net AND /home/edisone/Documents/research/GreatSPN/nets/MacroscopicTests/macroscopic.PNPRO.solution/GSPNC1.def ...
MARKING PAR: 2
PLACES:      6
RATE PAR:    3
TRANSITIONS: 6
MEASURES:    0
LOADING TIME: [User 0.000s, Sys 0.000s]


MAX. RESIDUAL ERROR SET TO 1e-07 FOR NUMERICAL ANALYSIS.
USING ON-THE-FLY STATE SPACE CONSTRUCTION OF CSL^TA MODEL CHECKING.
USING IMPLICIT STEADY STATE MRP SOLUTION METHOD.
USING POWER METHOD METHOD FOR IMPLICIT STATIONARY ANALYSIS.
RATE PARAMETER "AR1" SET TO 30
RATE PARAMETER "BR1" SET TO 20
RATE PARAMETER "CR1" SET TO 10
MARKING PARAMETER "I" SET TO 7
MARKING PARAMETER "NR1" SET TO 10
                                                                              

TANGIBLE STATES:                   330
VANISHING STATES:                    0
NUMBER OF TIMED EDGES:            1260  (1260 T->T, 0 T->V, 0 T->V*->T).
NUMBER OF IMMEDIATE EDGES:           0  (0 V->T, 0 V->V).
TOTAL NUMBER OF EDGES:            1260
IMMEDIATE TRNS. FIRINGS:             0
TIMED TRNS. FIRINGS:              1260
VISITED VANISHING STATES:            0
GENERAL TRANSITIONS:                 0
NON-PREEMPTIVE EXP. TRNS.:        1260
PREEMPTIVE EXP. TRANSITIONS:         0
MEMORY USAGE:
TRANSITION-SET ENTRIES:              0
VANISH-PATH ENTRIES:                 0
VANISH-PATH-SET ENTRIES:             0
PACKED MARKINGS:                  1424 BYTES
STATE SET DATA:                    578 BYTES
EDGES DATA:                       5713 BYTES

PACKED TANGIBLE MARKINGS TABLE:
STORED SEQUENCES: 330, FRAGMENTS: 150
  SEQUENCES MEMORY:        991 BYTES.
  FRAGMENTS MEMORY:        433 BYTES.
      TOTAL MEMORY:       1424 BYTES.
MEAN MEMORY PER SEQUENCE IS: 4.31515 BYTES.
  USED FOR SEQUENCE DATA: 3.00303 BYTES.
        USED FOR HASHING: 0 BYTES.
      USED FOR FRAGMENTS: 1.31212 BYTES.
BUILD TIME: [User 0.003s, Sys 0.003s]


THE RG IS A CONTINUOS TIME MARKOV CHAIN


COMPUTING STEADY STATE SOLUTION OF THE CTMC...
FORWARD STEADY STATE SOLUTION OF ERGODIC CTMC.
FORWARD GAUSS-SEIDEL: convergence in 85 iterations, err=8.71670e-08               



STEADY STATE SOLUTION COMPUTED.

SOLUTION TIME: [User 0.013s, Sys 0.003s]

COMPUTING BASIC PETRI NET MEASURES.
E{a} = 0.134615
E{c} = 2.69231
E{R1} = 3.26923
E{b} = 0.0538462
E{d} = 0.0807692
E{e} = 4.03846
Distrib{a} = { 0.872907, 0.119811, 0.00704769, 0.000230317, 4.51601e-06, 5.31296e-08, 3.47252e-10, 9.72695e-13 }
Distrib{c} = { 0.0334212, 0.146218, 0.27416, 0.285585, 0.178491, 0.0669343, 0.0139447, 0.00124507 }
Distrib{R1} = { 0, 0, 0, 0.759918, 0.212777, 0.0255332, 0.00170222, 6.80886e-05, 1.63413e-06, 2.17884e-08, 1.24505e-10 }
Distrib{b} = { 0.947381, 0.0514083, 0.00119554, 1.54463e-05, 1.19738e-07, 5.56923e-10, 1.43908e-12, 1.59366e-15 }
Distrib{d} = { 0.921973, 0.0753364, 0.00263824, 5.13276e-05, 5.99155e-07, 4.19641e-09, 1.63285e-11, 2.72292e-14 }
Distrib{e} = { 0.00242628, 0.0231599, 0.0947446, 0.215328, 0.293628, 0.240241, 0.1092, 0.0212726 }
X{ExecPA1} = 2.69231
X{Xor1} = 2.69231
X{Xor2} = 4.03846
X{AlcPA1} = 2.69231
X{AlcPB1} = 4.03846
X{ExecPB1} = 4.03846


BASIC PETRI NET MEASURES COMPUTED.
[edisone@manjaro ~]$ sudo /home/edisone/Documents/research/GreatSPN/DSPN-Tool-Release -load /home/edisone/Documents/research/GreatSPN/nets/MacroscopicTests/macroscopic.PNPRO.solution/GSPNC1 -epsilon 1.0E-7 -on-the-fly -i -i-power -rpar AR1 30.0 -rpar BR1 20.0 -rpar CR1 10.0 -mpar I 8 -mpar NR1 10 -s -all-measures
LOADING PETRI NET FILES /home/edisone/Documents/research/GreatSPN/nets/MacroscopicTests/macroscopic.PNPRO.solution/GSPNC1.net AND /home/edisone/Documents/research/GreatSPN/nets/MacroscopicTests/macroscopic.PNPRO.solution/GSPNC1.def ...
MARKING PAR: 2
PLACES:      6
RATE PAR:    3
TRANSITIONS: 6
MEASURES:    0
LOADING TIME: [User 0.000s, Sys 0.000s]


MAX. RESIDUAL ERROR SET TO 1e-07 FOR NUMERICAL ANALYSIS.
USING ON-THE-FLY STATE SPACE CONSTRUCTION OF CSL^TA MODEL CHECKING.
USING IMPLICIT STEADY STATE MRP SOLUTION METHOD.
USING POWER METHOD METHOD FOR IMPLICIT STATIONARY ANALYSIS.
RATE PARAMETER "AR1" SET TO 30
RATE PARAMETER "BR1" SET TO 20
RATE PARAMETER "CR1" SET TO 10
MARKING PARAMETER "I" SET TO 8
MARKING PARAMETER "NR1" SET TO 10
                                                                              

TANGIBLE STATES:                   495
VANISHING STATES:                    0
NUMBER OF TIMED EDGES:            1980  (1980 T->T, 0 T->V, 0 T->V*->T).
NUMBER OF IMMEDIATE EDGES:           0  (0 V->T, 0 V->V).
TOTAL NUMBER OF EDGES:            1980
IMMEDIATE TRNS. FIRINGS:             0
TIMED TRNS. FIRINGS:              1980
VISITED VANISHING STATES:            0
GENERAL TRANSITIONS:                 0
NON-PREEMPTIVE EXP. TRNS.:        1980
PREEMPTIVE EXP. TRANSITIONS:         0
MEMORY USAGE:
TRANSITION-SET ENTRIES:              0
VANISH-PATH ENTRIES:                 0
VANISH-PATH-SET ENTRIES:             0
PACKED MARKINGS:                  2083 BYTES
STATE SET DATA:                    867 BYTES
EDGES DATA:                       8705 BYTES

PACKED TANGIBLE MARKINGS TABLE:
STORED SEQUENCES: 495, FRAGMENTS: 207
  SEQUENCES MEMORY:       1486 BYTES.
  FRAGMENTS MEMORY:        597 BYTES.
      TOTAL MEMORY:       2083 BYTES.
MEAN MEMORY PER SEQUENCE IS: 4.20808 BYTES.
  USED FOR SEQUENCE DATA: 3.00202 BYTES.
        USED FOR HASHING: 0 BYTES.
      USED FOR FRAGMENTS: 1.20606 BYTES.
BUILD TIME: [User 0.006s, Sys 0.003s]


THE RG IS A CONTINUOS TIME MARKOV CHAIN


COMPUTING STEADY STATE SOLUTION OF THE CTMC...
FORWARD STEADY STATE SOLUTION OF ERGODIC CTMC.
FORWARD GAUSS-SEIDEL: convergence in 96 iterations, err=9.65795e-08               



STEADY STATE SOLUTION COMPUTED.

SOLUTION TIME: [User 0.019s, Sys 0.003s]

COMPUTING BASIC PETRI NET MEASURES.
E{a} = 0.153846
E{c} = 3.07693
E{R1} = 2.30769
E{b} = 0.0615385
E{d} = 0.0923077
E{e} = 4.61538
Distrib{a} = { 0.85612, 0.134293, 0.00921621, 0.00036142, 8.85833e-06, 1.38954e-07, 1.3623e-09, 7.63191e-12, 1.87057e-14 }
Distrib{c} = { 0.0205668, 0.102835, 0.224952, 0.281191, 0.219681, 0.109841, 0.0343254, 0.00612957, 0.000478874 }
Distrib{R1} = { 0, 0, 0.73069, 0.233821, 0.0327349, 0.00261879, 0.00013094, 4.19007e-06, 8.38014e-08, 9.5773e-10, 4.78865e-12 }
Distrib{b} = { 0.940093, 0.0583003, 0.00158179, 2.45239e-05, 2.37635e-07, 1.4737e-09, 5.71203e-12, 1.26512e-14, 1.22589e-17 }
Distrib{d} = { 0.911335, 0.0851052, 0.00347706, 8.11766e-05, 1.18448e-06, 1.10613e-08, 6.45602e-11, 2.1532e-13, 3.14183e-16 }
Distrib{e} = { 0.00102651, 0.0111982, 0.0534459, 0.145761, 0.248455, 0.271041, 0.1848, 0.0719997, 0.0122726 }
X{ExecPA1} = 3.07693
X{Xor1} = 3.07692
X{Xor2} = 4.61538
X{AlcPA1} = 3.07692
X{AlcPB1} = 4.61538
X{ExecPB1} = 4.61538


BASIC PETRI NET MEASURES COMPUTED.
[edisone@manjaro ~]$ sudo /home/edisone/Documents/research/GreatSPN/DSPN-Tool-Release -load /home/edisone/Documents/research/GreatSPN/nets/MacroscopicTests/macroscopic.PNPRO.solution/GSPNC1 -epsilon 1.0E-7 -on-the-fly -i -i-power -rpar AR1 30.0 -rpar BR1 20.0 -rpar CR1 10.0 -mpar I 9 -mpar NR1 10 -s -all-measures
LOADING PETRI NET FILES /home/edisone/Documents/research/GreatSPN/nets/MacroscopicTests/macroscopic.PNPRO.solution/GSPNC1.net AND /home/edisone/Documents/research/GreatSPN/nets/MacroscopicTests/macroscopic.PNPRO.solution/GSPNC1.def ...
MARKING PAR: 2
PLACES:      6
RATE PAR:    3
TRANSITIONS: 6
MEASURES:    0
LOADING TIME: [User 0.000s, Sys 0.000s]


MAX. RESIDUAL ERROR SET TO 1e-07 FOR NUMERICAL ANALYSIS.
USING ON-THE-FLY STATE SPACE CONSTRUCTION OF CSL^TA MODEL CHECKING.
USING IMPLICIT STEADY STATE MRP SOLUTION METHOD.
USING POWER METHOD METHOD FOR IMPLICIT STATIONARY ANALYSIS.
RATE PARAMETER "AR1" SET TO 30
RATE PARAMETER "BR1" SET TO 20
RATE PARAMETER "CR1" SET TO 10
MARKING PARAMETER "I" SET TO 9
MARKING PARAMETER "NR1" SET TO 10
                                                                              

TANGIBLE STATES:                   715
VANISHING STATES:                    0
NUMBER OF TIMED EDGES:            2970  (2970 T->T, 0 T->V, 0 T->V*->T).
NUMBER OF IMMEDIATE EDGES:           0  (0 V->T, 0 V->V).
TOTAL NUMBER OF EDGES:            2970
IMMEDIATE TRNS. FIRINGS:             0
TIMED TRNS. FIRINGS:              2970
VISITED VANISHING STATES:            0
GENERAL TRANSITIONS:                 0
NON-PREEMPTIVE EXP. TRNS.:        2970
PREEMPTIVE EXP. TRANSITIONS:         0
MEMORY USAGE:
TRANSITION-SET ENTRIES:              0
VANISH-PATH ENTRIES:                 0
VANISH-PATH-SET ENTRIES:             0
PACKED MARKINGS:                  3190 BYTES
STATE SET DATA:                   1341 BYTES
EDGES DATA:                      13492 BYTES

PACKED TANGIBLE MARKINGS TABLE:
STORED SEQUENCES: 715, FRAGMENTS: 276
  SEQUENCES MEMORY:       2326 BYTES.
  FRAGMENTS MEMORY:        864 BYTES.
      TOTAL MEMORY:       3190 BYTES.
MEAN MEMORY PER SEQUENCE IS: 4.46154 BYTES.
  USED FOR SEQUENCE DATA: 3.25315 BYTES.
        USED FOR HASHING: 0 BYTES.
      USED FOR FRAGMENTS: 1.20839 BYTES.
BUILD TIME: [User 0.009s, Sys 0.000s]


THE RG IS A CONTINUOS TIME MARKOV CHAIN


COMPUTING STEADY STATE SOLUTION OF THE CTMC...
FORWARD STEADY STATE SOLUTION OF ERGODIC CTMC.
FORWARD GAUSS-SEIDEL: convergence in 107 iterations, err=9.97276e-08               



STEADY STATE SOLUTION COMPUTED.

SOLUTION TIME: [User 0.029s, Sys 0.000s]

COMPUTING BASIC PETRI NET MEASURES.
E{a} = 0.173077
E{c} = 3.46155
E{R1} = 1.34615
E{b} = 0.0692308
E{d} = 0.103846
E{e} = 5.1923
Distrib{a} = { 0.839656, 0.148175, 0.0116215, 0.000531704, 1.56384e-05, 3.06635e-07, 4.0083e-09, 3.36832e-11, 1.65114e-13, 3.59724e-16 }
Distrib{c} = { 0.0126565, 0.071193, 0.177983, 0.25956, 0.243339, 0.152088, 0.0633701, 0.0169742, 0.00265223, 0.000184184 }
Distrib{R1} = { 0, 0.702587, 0.252931, 0.040469, 0.00377711, 0.000226626, 9.06506e-06, 2.41735e-07, 4.14403e-09, 4.14403e-11, 1.84179e-13 }
Distrib{b} = { 0.932862, 0.0650834, 0.00201809, 3.65029e-05, 4.24452e-07, 3.29033e-09, 1.70043e-11, 5.64926e-14, 1.09482e-16, 9.42996e-20 }
Distrib{d} = { 0.90082, 0.0946387, 0.00441893, 0.00012036, 2.10747e-06, 2.46008e-08, 1.91446e-10, 9.57762e-13, 2.79502e-15, 3.62519e-18 }
Distrib{e} = { 0.000434295, 0.00532996, 0.0290724, 0.0925025, 0.189209, 0.258011, 0.234554, 0.137076, 0.0467304, 0.00708034 }
X{ExecPA1} = 3.46155
X{Xor1} = 3.46154
X{Xor2} = 5.19231
X{AlcPA1} = 3.46154
X{AlcPB1} = 5.19231
X{ExecPB1} = 5.1923


BASIC PETRI NET MEASURES COMPUTED.
[edisone@manjaro ~]$ sudo /home/edisone/Documents/research/GreatSPN/DSPN-Tool-Release -load /home/edisone/Documents/research/GreatSPN/nets/MacroscopicTests/macroscopic.PNPRO.solution/GSPNC1 -epsilon 1.0E-7 -on-the-fly -i -i-power -rpar AR1 30.0 -rpar BR1 20.0 -rpar CR1 10.0 -mpar I 10 -mpar NR1 10 -s -all-measures
LOADING PETRI NET FILES /home/edisone/Documents/research/GreatSPN/nets/MacroscopicTests/macroscopic.PNPRO.solution/GSPNC1.net AND /home/edisone/Documents/research/GreatSPN/nets/MacroscopicTests/macroscopic.PNPRO.solution/GSPNC1.def ...
MARKING PAR: 2
PLACES:      6
RATE PAR:    3
TRANSITIONS: 6
MEASURES:    0
LOADING TIME: [User 0.000s, Sys 0.000s]


MAX. RESIDUAL ERROR SET TO 1e-07 FOR NUMERICAL ANALYSIS.
USING ON-THE-FLY STATE SPACE CONSTRUCTION OF CSL^TA MODEL CHECKING.
USING IMPLICIT STEADY STATE MRP SOLUTION METHOD.
USING POWER METHOD METHOD FOR IMPLICIT STATIONARY ANALYSIS.
RATE PARAMETER "AR1" SET TO 30
RATE PARAMETER "BR1" SET TO 20
RATE PARAMETER "CR1" SET TO 10
MARKING PARAMETER "I" SET TO 10
MARKING PARAMETER "NR1" SET TO 10
                                                                              

TANGIBLE STATES:                  1001
VANISHING STATES:                    0
NUMBER OF TIMED EDGES:            4290  (4290 T->T, 0 T->V, 0 T->V*->T).
NUMBER OF IMMEDIATE EDGES:           0  (0 V->T, 0 V->V).
TOTAL NUMBER OF EDGES:            4290
IMMEDIATE TRNS. FIRINGS:             0
TIMED TRNS. FIRINGS:              4290
VISITED VANISHING STATES:            0
GENERAL TRANSITIONS:                 0
NON-PREEMPTIVE EXP. TRNS.:        4290
PREEMPTIVE EXP. TRANSITIONS:         0
MEMORY USAGE:
TRANSITION-SET ENTRIES:              0
VANISH-PATH ENTRIES:                 0
VANISH-PATH-SET ENTRIES:             0
PACKED MARKINGS:                  4415 BYTES
STATE SET DATA:                   2002 BYTES
EDGES DATA:                      19206 BYTES

PACKED TANGIBLE MARKINGS TABLE:
STORED SEQUENCES: 1001, FRAGMENTS: 356
  SEQUENCES MEMORY:       3256 BYTES.
  FRAGMENTS MEMORY:       1159 BYTES.
      TOTAL MEMORY:       4415 BYTES.
MEAN MEMORY PER SEQUENCE IS: 4.41059 BYTES.
  USED FOR SEQUENCE DATA: 3.25275 BYTES.
        USED FOR HASHING: 0 BYTES.
      USED FOR FRAGMENTS: 1.15784 BYTES.
BUILD TIME: [User 0.013s, Sys 0.000s]


THE RG IS A CONTINUOS TIME MARKOV CHAIN


COMPUTING STEADY STATE SOLUTION OF THE CTMC...
FORWARD STEADY STATE SOLUTION OF ERGODIC CTMC.
FORWARD GAUSS-SEIDEL: convergence in 118 iterations, err=9.18551e-08               



STEADY STATE SOLUTION COMPUTED.

SOLUTION TIME: [User 0.040s, Sys 0.000s]

COMPUTING BASIC PETRI NET MEASURES.
E{a} = 0.192308
E{c} = 3.84617
E{R1} = 0.384615
E{b} = 0.0769231
E{d} = 0.115385
E{e} = 5.76922
Distrib{a} = { 0.823509, 0.161472, 0.0142476, 0.00074497, 2.55627e-05, 6.01476e-07, 9.82803e-09, 1.10118e-10, 8.09691e-13, 3.52807e-15, 6.91778e-18 }
Distrib{c} = { 0.00778856, 0.0486788, 0.13691, 0.228184, 0.249578, 0.187184, 0.0974924, 0.0348189, 0.00816072, 0.00113344, 7.08403e-05 }
Distrib{R1} = { 0.675564, 0.270226, 0.0486406, 0.00518833, 0.000363183, 1.74328e-05, 5.81093e-07, 1.32821e-08, 1.99232e-10, 1.77095e-12, 7.0838e-15 }
Distrib{b} = { 0.925686, 0.0717586, 0.00250321, 5.17459e-05, 7.01979e-07, 6.53004e-09, 4.21837e-11, 1.8686e-13, 5.43198e-16, 9.35742e-19, 7.25382e-22 }
Distrib{d} = { 0.890426, 0.103941, 0.00545992, 0.000169959, 3.47192e-06, 4.86339e-08, 4.73092e-10, 3.1557e-12, 1.38139e-14, 3.58336e-17, 4.18292e-20 }
Distrib{e} = { 0.000183742, 0.00250555, 0.0153749, 0.0559084, 0.133417, 0.218317, 0.248087, 0.193313, 0.0988529, 0.0299553, 0.00408479 }
X{ExecPA1} = 3.84617
X{Xor1} = 3.84615
X{Xor2} = 5.76923
X{AlcPA1} = 3.84615
X{AlcPB1} = 5.76923
X{ExecPB1} = 5.76922


BASIC PETRI NET MEASURES COMPUTED.
[edisone@manjaro ~]$ sudo /home/edisone/Documents/research/GreatSPN/DSPN-Tool-Release -load /home/edisone/Documents/research/GreatSPN/nets/MacroscopicTests/macroscopic.PNPRO.solution/GSPNC1 -epsilon 1.0E-7 -on-the-fly -i -i-power -rpar AR1 30.0 -rpar BR1 20.0 -rpar CR1 10.0 -mpar I 11 -mpar NR1 10 -s -all-measures
LOADING PETRI NET FILES /home/edisone/Documents/research/GreatSPN/nets/MacroscopicTests/macroscopic.PNPRO.solution/GSPNC1.net AND /home/edisone/Documents/research/GreatSPN/nets/MacroscopicTests/macroscopic.PNPRO.solution/GSPNC1.def ...
MARKING PAR: 2
PLACES:      6
RATE PAR:    3
TRANSITIONS: 6
MEASURES:    0
LOADING TIME: [User 0.000s, Sys 0.000s]


MAX. RESIDUAL ERROR SET TO 1e-07 FOR NUMERICAL ANALYSIS.
USING ON-THE-FLY STATE SPACE CONSTRUCTION OF CSL^TA MODEL CHECKING.
USING IMPLICIT STEADY STATE MRP SOLUTION METHOD.
USING POWER METHOD METHOD FOR IMPLICIT STATIONARY ANALYSIS.
RATE PARAMETER "AR1" SET TO 30
RATE PARAMETER "BR1" SET TO 20
RATE PARAMETER "CR1" SET TO 10
MARKING PARAMETER "I" SET TO 11
MARKING PARAMETER "NR1" SET TO 10
                                                                              

TANGIBLE STATES:                  1353
VANISHING STATES:                    0
NUMBER OF TIMED EDGES:            5962  (5962 T->T, 0 T->V, 0 T->V*->T).
NUMBER OF IMMEDIATE EDGES:           0  (0 V->T, 0 V->V).
TOTAL NUMBER OF EDGES:            5962
IMMEDIATE TRNS. FIRINGS:             0
TIMED TRNS. FIRINGS:              5962
VISITED VANISHING STATES:            0
GENERAL TRANSITIONS:                 0
NON-PREEMPTIVE EXP. TRNS.:        5962
PREEMPTIVE EXP. TRANSITIONS:         0
MEMORY USAGE:
TRANSITION-SET ENTRIES:              0
VANISH-PATH ENTRIES:                 0
VANISH-PATH-SET ENTRIES:             0
PACKED MARKINGS:                  5836 BYTES
STATE SET DATA:                   2706 BYTES
EDGES DATA:                      27019 BYTES

PACKED TANGIBLE MARKINGS TABLE:
STORED SEQUENCES: 1353, FRAGMENTS: 441
  SEQUENCES MEMORY:       4400 BYTES.
  FRAGMENTS MEMORY:       1436 BYTES.
      TOTAL MEMORY:       5836 BYTES.
MEAN MEMORY PER SEQUENCE IS: 4.31338 BYTES.
  USED FOR SEQUENCE DATA: 3.25203 BYTES.
        USED FOR HASHING: 0 BYTES.
      USED FOR FRAGMENTS: 1.06135 BYTES.
BUILD TIME: [User 0.019s, Sys 0.000s]


THE RG IS A CONTINUOS TIME MARKOV CHAIN


COMPUTING STEADY STATE SOLUTION OF THE CTMC...
FORWARD STEADY STATE SOLUTION OF ERGODIC CTMC.
FORWARD GAUSS-SEIDEL: convergence in 117 iterations, err=9.16321e-08               



STEADY STATE SOLUTION COMPUTED.

SOLUTION TIME: [User 0.049s, Sys 0.006s]

COMPUTING BASIC PETRI NET MEASURES.
E{a} = 0.196172
E{c} = 3.92346
E{R1} = 0.191388
E{b} = 0.395466
E{d} = 0.59975
E{e} = 5.88515
Distrib{a} = { 0.820956, 0.162857, 0.0152806, 0.00087195, 3.33979e-05, 8.99179e-07, 1.73404e-08, 2.39344e-10, 2.31606e-12, 1.49592e-14, 5.80283e-17, 1.024e-19 }
Distrib{c} = { 0.00690657, 0.0444523, 0.128865, 0.221575, 0.250247, 0.193976, 0.104508, 0.0386437, 0.00938545, 0.00135196, 8.77111e-05 }
Distrib{R1} = { 0.827748, 0.154464, 0.0165088, 0.00121259, 6.39393e-05, 2.44738e-06, 6.76023e-08, 1.31605e-09, 1.71612e-11, 1.34733e-13, 4.82065e-16 }
Distrib{b} = { 0.619875, 0.365098, 0.0147195, 0.000304245, 4.10943e-06, 3.93922e-08, 2.75446e-10, 1.4034e-12, 5.08858e-15, 1.24613e-17, 1.84939e-20, 1.2572e-23 }
Distrib{d} = { 0.434899, 0.531508, 0.0325585, 0.0010137, 2.05778e-05, 2.96308e-07, 3.11277e-09, 2.38353e-11, 1.29934e-13, 4.78529e-16, 1.06831e-18, 1.09265e-21 }
Distrib{e} = { 0.000141523, 0.00201249, 0.0128925, 0.0489973, 0.122335, 0.209672, 0.249823, 0.204327, 0.109784, 0.034991, 0.0050237 }
X{ExecPA1} = 3.92346
X{Xor1} = 3.92344
X{Xor2} = 5.88517
X{AlcPA1} = 3.92344
X{AlcPB1} = 5.88517
X{ExecPB1} = 5.88515


BASIC PETRI NET MEASURES COMPUTED.
[edisone@manjaro ~]$ sudo /home/edisone/Documents/research/GreatSPN/DSPN-Tool-Release -load /home/edisone/Documents/research/GreatSPN/nets/MacroscopicTests/macroscopic.PNPRO.solution/GSPNC1 -epsilon 1.0E-7 -on-the-fly -i -i-power -rpar AR1 30.0 -rpar BR1 20.0 -rpar CR1 10.0 -mpar I 12 -mpar NR1 10 -s -all-measures
LOADING PETRI NET FILES /home/edisone/Documents/research/GreatSPN/nets/MacroscopicTests/macroscopic.PNPRO.solution/GSPNC1.net AND /home/edisone/Documents/research/GreatSPN/nets/MacroscopicTests/macroscopic.PNPRO.solution/GSPNC1.def ...
MARKING PAR: 2
PLACES:      6
RATE PAR:    3
TRANSITIONS: 6
MEASURES:    0
LOADING TIME: [User 0.000s, Sys 0.000s]


MAX. RESIDUAL ERROR SET TO 1e-07 FOR NUMERICAL ANALYSIS.
USING ON-THE-FLY STATE SPACE CONSTRUCTION OF CSL^TA MODEL CHECKING.
USING IMPLICIT STEADY STATE MRP SOLUTION METHOD.
USING POWER METHOD METHOD FOR IMPLICIT STATIONARY ANALYSIS.
RATE PARAMETER "AR1" SET TO 30
RATE PARAMETER "BR1" SET TO 20
RATE PARAMETER "CR1" SET TO 10
MARKING PARAMETER "I" SET TO 12
MARKING PARAMETER "NR1" SET TO 10
                                                                              

TANGIBLE STATES:                  1771
VANISHING STATES:                    0
NUMBER OF TIMED EDGES:            7986  (7986 T->T, 0 T->V, 0 T->V*->T).
NUMBER OF IMMEDIATE EDGES:           0  (0 V->T, 0 V->V).
TOTAL NUMBER OF EDGES:            7986
IMMEDIATE TRNS. FIRINGS:             0
TIMED TRNS. FIRINGS:              7986
VISITED VANISHING STATES:            0
GENERAL TRANSITIONS:                 0
NON-PREEMPTIVE EXP. TRNS.:        7986
PREEMPTIVE EXP. TRANSITIONS:         0
MEMORY USAGE:
TRANSITION-SET ENTRIES:              0
VANISH-PATH ENTRIES:                 0
VANISH-PATH-SET ENTRIES:             0
PACKED MARKINGS:                  8036 BYTES
STATE SET DATA:                   3542 BYTES
EDGES DATA:                      37432 BYTES

PACKED TANGIBLE MARKINGS TABLE:
STORED SEQUENCES: 1771, FRAGMENTS: 544
  SEQUENCES MEMORY:       6200 BYTES.
  FRAGMENTS MEMORY:       1836 BYTES.
      TOTAL MEMORY:       8036 BYTES.
MEAN MEMORY PER SEQUENCE IS: 4.53755 BYTES.
  USED FOR SEQUENCE DATA: 3.50085 BYTES.
        USED FOR HASHING: 0 BYTES.
      USED FOR FRAGMENTS: 1.0367 BYTES.
BUILD TIME: [User 0.023s, Sys 0.000s]


THE RG IS A CONTINUOS TIME MARKOV CHAIN


COMPUTING STEADY STATE SOLUTION OF THE CTMC...
FORWARD STEADY STATE SOLUTION OF ERGODIC CTMC.
FORWARD GAUSS-SEIDEL: convergence in 115 iterations, err=9.40822e-08               



STEADY STATE SOLUTION COMPUTED.

SOLUTION TIME: [User 0.066s, Sys 0.000s]

COMPUTING BASIC PETRI NET MEASURES.
E{a} = 0.197032
E{c} = 3.94067
E{R1} = 0.148401
E{b} = 0.750636
E{d} = 1.20073
E{e} = 5.91093
Distrib{a} = { 0.820436, 0.163103, 0.0154947, 0.00092701, 3.81839e-05, 1.13209e-06, 2.46765e-08, 3.97546e-10, 4.6913e-12, 3.95087e-14, 2.25247e-16, 7.80161e-19, 1.241e-21 }
Distrib{c} = { 0.00674838, 0.0436403, 0.127181, 0.219988, 0.250128, 0.195349, 0.106133, 0.0396076, 0.00971622, 0.00141468, 9.28244e-05 }
Distrib{R1} = { 0.862709, 0.126768, 0.00996039, 0.000540429, 2.18596e-05, 6.6809e-07, 1.5232e-08, 2.51156e-10, 2.83017e-12, 1.95084e-14, 6.20724e-17 }
Distrib{b} = { 0.429233, 0.397307, 0.167162, 0.00618855, 0.000108598, 1.17486e-06, 8.72539e-09, 4.67547e-11, 1.83639e-13, 5.21938e-16, 1.02413e-18, 1.2464e-21, 7.10267e-25 }
Distrib{d} = { 0.205232, 0.410548, 0.363041, 0.0206215, 0.00054824, 8.94676e-06, 1.00017e-07, 8.05829e-10, 4.7564e-12, 2.03122e-14, 5.98886e-17, 1.09542e-19, 9.38362e-23 }
Distrib{e} = { 0.000134001, 0.00192082, 0.0124088, 0.0475786, 0.119914, 0.207579, 0.249942, 0.206691, 0.112337, 0.0362306, 0.00526479 }
X{ExecPA1} = 3.94067
X{Xor1} = 3.94064
X{Xor2} = 5.91096
X{AlcPA1} = 3.94064
X{AlcPB1} = 5.91096
X{ExecPB1} = 5.91093


BASIC PETRI NET MEASURES COMPUTED.
[edisone@manjaro ~]$ sudo /home/edisone/Documents/research/GreatSPN/DSPN-Tool-Release -load /home/edisone/Documents/research/GreatSPN/nets/MacroscopicTests/macroscopic.PNPRO.solution/GSPNC1 -epsilon 1.0E-7 -on-the-fly -i -i-power -rpar AR1 30.0 -rpar BR1 20.0 -rpar CR1 10.0 -mpar I 13 -mpar NR1 10 -s -all-measures
LOADING PETRI NET FILES /home/edisone/Documents/research/GreatSPN/nets/MacroscopicTests/macroscopic.PNPRO.solution/GSPNC1.net AND /home/edisone/Documents/research/GreatSPN/nets/MacroscopicTests/macroscopic.PNPRO.solution/GSPNC1.def ...
MARKING PAR: 2
PLACES:      6
RATE PAR:    3
TRANSITIONS: 6
MEASURES:    0
LOADING TIME: [User 0.000s, Sys 0.000s]


MAX. RESIDUAL ERROR SET TO 1e-07 FOR NUMERICAL ANALYSIS.
USING ON-THE-FLY STATE SPACE CONSTRUCTION OF CSL^TA MODEL CHECKING.
USING IMPLICIT STEADY STATE MRP SOLUTION METHOD.
USING POWER METHOD METHOD FOR IMPLICIT STATIONARY ANALYSIS.
RATE PARAMETER "AR1" SET TO 30
RATE PARAMETER "BR1" SET TO 20
RATE PARAMETER "CR1" SET TO 10
MARKING PARAMETER "I" SET TO 13
MARKING PARAMETER "NR1" SET TO 10
                                                                              

TANGIBLE STATES:                  2255
VANISHING STATES:                    0
NUMBER OF TIMED EDGES:           10362  (10362 T->T, 0 T->V, 0 T->V*->T).
NUMBER OF IMMEDIATE EDGES:           0  (0 V->T, 0 V->V).
TOTAL NUMBER OF EDGES:           10362
IMMEDIATE TRNS. FIRINGS:             0
TIMED TRNS. FIRINGS:             10362
VISITED VANISHING STATES:            0
GENERAL TRANSITIONS:                 0
NON-PREEMPTIVE EXP. TRNS.:       10362
PREEMPTIVE EXP. TRANSITIONS:         0
MEMORY USAGE:
TRANSITION-SET ENTRIES:              0
VANISH-PATH ENTRIES:                 0
VANISH-PATH-SET ENTRIES:             0
PACKED MARKINGS:                 10087 BYTES
STATE SET DATA:                   4792 BYTES
EDGES DATA:                      49021 BYTES

PACKED TANGIBLE MARKINGS TABLE:
STORED SEQUENCES: 2255, FRAGMENTS: 649
  SEQUENCES MEMORY:       7894 BYTES.
  FRAGMENTS MEMORY:       2193 BYTES.
      TOTAL MEMORY:      10087 BYTES.
MEAN MEMORY PER SEQUENCE IS: 4.47317 BYTES.
  USED FOR SEQUENCE DATA: 3.50067 BYTES.
        USED FOR HASHING: 0 BYTES.
      USED FOR FRAGMENTS: 0.972506 BYTES.
BUILD TIME: [User 0.026s, Sys 0.003s]


THE RG IS A CONTINUOS TIME MARKOV CHAIN


COMPUTING STEADY STATE SOLUTION OF THE CTMC...
FORWARD STEADY STATE SOLUTION OF ERGODIC CTMC.
FORWARD GAUSS-SEIDEL: convergence in 116 iterations, err=9.60596e-08               



STEADY STATE SOLUTION COMPUTED.

SOLUTION TIME: [User 0.079s, Sys 0.003s]

COMPUTING BASIC PETRI NET MEASURES.
E{a} = 0.197316
E{c} = 3.94636
E{R1} = 0.134176
E{b} = 1.06674
E{d} = 1.87012
E{e} = 5.91946
Distrib{a} = { 0.820263, 0.163187, 0.0155658, 0.000943294, 4.04599e-05, 1.27896e-06, 3.04304e-08, 5.49423e-10, 7.50699e-12, 7.6521e-14, 5.64864e-16, 2.85672e-18, 8.86501e-21, 1.27414e-23 }
Distrib{c} = { 0.00669894, 0.0433906, 0.126655, 0.219458, 0.250033, 0.195759, 0.106677, 0.0399528, 0.00984106, 0.00143931, 9.48914e-05 }
Distrib{R1} = { 0.874718, 0.116785, 0.00811354, 0.000370936, 1.23109e-05, 3.09054e-07, 5.87664e-09, 8.23372e-11, 8.02173e-13, 4.8516e-15, 1.37122e-17 }
Distrib{b} = { 0.347045, 0.336378, 0.222802, 0.0904025, 0.0033149, 5.72843e-05, 5.96582e-07, 4.13333e-09, 1.99672e-11, 6.84693e-14, 1.65541e-16, 2.71564e-19, 2.74144e-22, 1.29664e-25 }
Distrib{d} = { 0.110983, 0.235891, 0.342592, 0.29354, 0.0165532, 0.000434138, 6.83048e-06, 7.13281e-08, 5.18628e-10, 2.67445e-12, 9.71861e-15, 2.39552e-17, 3.63313e-20, 2.58171e-23 }
Distrib{e} = { 0.000131933, 0.00189474, 0.012265, 0.0471358, 0.119117, 0.20684, 0.249927, 0.207469, 0.113211, 0.0366604, 0.00534824 }
X{ExecPA1} = 3.94636
X{Xor1} = 3.94633
X{Xor2} = 5.91949
X{AlcPA1} = 3.94633
X{AlcPB1} = 5.91949
X{ExecPB1} = 5.91946


BASIC PETRI NET MEASURES COMPUTED.
[edisone@manjaro ~]$ sudo /home/edisone/Documents/research/GreatSPN/DSPN-Tool-Release -load /home/edisone/Documents/research/GreatSPN/nets/MacroscopicTests/macroscopic.PNPRO.solution/GSPNC1 -epsilon 1.0E-7 -on-the-fly -i -i-power -rpar AR1 30.0 -rpar BR1 20.0 -rpar CR1 10.0 -mpar I 14 -mpar NR1 10 -s -all-measures
LOADING PETRI NET FILES /home/edisone/Documents/research/GreatSPN/nets/MacroscopicTests/macroscopic.PNPRO.solution/GSPNC1.net AND /home/edisone/Documents/research/GreatSPN/nets/MacroscopicTests/macroscopic.PNPRO.solution/GSPNC1.def ...
MARKING PAR: 2
PLACES:      6
RATE PAR:    3
TRANSITIONS: 6
MEASURES:    0
LOADING TIME: [User 0.000s, Sys 0.000s]


MAX. RESIDUAL ERROR SET TO 1e-07 FOR NUMERICAL ANALYSIS.
USING ON-THE-FLY STATE SPACE CONSTRUCTION OF CSL^TA MODEL CHECKING.
USING IMPLICIT STEADY STATE MRP SOLUTION METHOD.
USING POWER METHOD METHOD FOR IMPLICIT STATIONARY ANALYSIS.
RATE PARAMETER "AR1" SET TO 30
RATE PARAMETER "BR1" SET TO 20
RATE PARAMETER "CR1" SET TO 10
MARKING PARAMETER "I" SET TO 14
MARKING PARAMETER "NR1" SET TO 10
                                                                              

TANGIBLE STATES:                  2805
VANISHING STATES:                    0
NUMBER OF TIMED EDGES:           13090  (13090 T->T, 0 T->V, 0 T->V*->T).
NUMBER OF IMMEDIATE EDGES:           0  (0 V->T, 0 V->V).
TOTAL NUMBER OF EDGES:           13090
IMMEDIATE TRNS. FIRINGS:             0
TIMED TRNS. FIRINGS:             13090
VISITED VANISHING STATES:            0
GENERAL TRANSITIONS:                 0
NON-PREEMPTIVE EXP. TRNS.:       13090
PREEMPTIVE EXP. TRANSITIONS:         0
MEMORY USAGE:
TRANSITION-SET ENTRIES:              0
VANISH-PATH ENTRIES:                 0
VANISH-PATH-SET ENTRIES:             0
PACKED MARKINGS:                 12467 BYTES
STATE SET DATA:                   5961 BYTES
EDGES DATA:                      62376 BYTES

PACKED TANGIBLE MARKINGS TABLE:
STORED SEQUENCES: 2805, FRAGMENTS: 756
  SEQUENCES MEMORY:       9820 BYTES.
  FRAGMENTS MEMORY:       2647 BYTES.
      TOTAL MEMORY:      12467 BYTES.
MEAN MEMORY PER SEQUENCE IS: 4.44456 BYTES.
  USED FOR SEQUENCE DATA: 3.50089 BYTES.
        USED FOR HASHING: 0 BYTES.
      USED FOR FRAGMENTS: 0.943672 BYTES.
BUILD TIME: [User 0.039s, Sys 0.000s]


THE RG IS A CONTINUOS TIME MARKOV CHAIN


COMPUTING STEADY STATE SOLUTION OF THE CTMC...
FORWARD STEADY STATE SOLUTION OF ERGODIC CTMC.
FORWARD GAUSS-SEIDEL: convergence in 121 iterations, err=9.77272e-08               



STEADY STATE SOLUTION COMPUTED.

SOLUTION TIME: [User 0.103s, Sys 0.000s]

COMPUTING BASIC PETRI NET MEASURES.
E{a} = 0.197446
E{c} = 3.94895
E{R1} = 0.127724
E{b} = 1.33261
E{d} = 2.59767
E{e} = 5.92333
Distrib{a} = { 0.820183, 0.163226, 0.0155986, 0.000950093, 4.12837e-05, 1.35343e-06, 3.41413e-08, 6.68748e-10, 1.01773e-11, 1.19398e-13, 1.06069e-15, 6.90821e-18, 3.11438e-20, 8.69101e-23, 1.1318e-25 }
Distrib{c} = { 0.00666737, 0.0432445, 0.126388, 0.219248, 0.25006, 0.195979, 0.106905, 0.040081, 0.00988405, 0.00144744, 9.55595e-05 }
Distrib{R1} = { 0.880283, 0.112042, 0.00735116, 0.000313406, 9.38124e-06, 2.0605e-07, 3.38011e-09, 4.08747e-11, 3.46578e-13, 1.84429e-15, 4.63587e-18 }
Distrib{b} = { 0.306749, 0.298636, 0.207202, 0.132107, 0.0533176, 0.00195367, 3.37232e-05, 3.50249e-07, 2.40614e-09, 1.14028e-11, 3.77749e-14, 8.65645e-17, 1.31753e-19, 1.2075e-22, 5.08258e-26 }
Distrib{d} = { 0.0654116, 0.139931, 0.216156, 0.303989, 0.259497, 0.0146267, 0.000383278, 6.01535e-06, 6.23006e-08, 4.44484e-10, 2.21469e-12, 7.62836e-15, 1.74436e-17, 2.40113e-20, 1.51771e-23 }
Distrib{e} = { 0.000130632, 0.00187913, 0.0121844, 0.0469064, 0.118743, 0.206546, 0.249986, 0.207842, 0.113578, 0.0368267, 0.00537884 }
X{ExecPA1} = 3.94895
X{Xor1} = 3.94891
X{Xor2} = 5.92337
X{AlcPA1} = 3.94891
X{AlcPB1} = 5.92337
X{ExecPB1} = 5.92333


BASIC PETRI NET MEASURES COMPUTED.
[edisone@manjaro ~]$ sudo /home/edisone/Documents/research/GreatSPN/DSPN-Tool-Release -load /home/edisone/Documents/research/GreatSPN/nets/MacroscopicTests/macroscopic.PNPRO.solution/GSPNC1 -epsilon 1.0E-7 -on-the-fly -i -i-power -rpar AR1 30.0 -rpar BR1 20.0 -rpar CR1 10.0 -mpar I 15 -mpar NR1 10 -s -all-measures
LOADING PETRI NET FILES /home/edisone/Documents/research/GreatSPN/nets/MacroscopicTests/macroscopic.PNPRO.solution/GSPNC1.net AND /home/edisone/Documents/research/GreatSPN/nets/MacroscopicTests/macroscopic.PNPRO.solution/GSPNC1.def ...
MARKING PAR: 2
PLACES:      6
RATE PAR:    3
TRANSITIONS: 6
MEASURES:    0
LOADING TIME: [User 0.000s, Sys 0.000s]


MAX. RESIDUAL ERROR SET TO 1e-07 FOR NUMERICAL ANALYSIS.
USING ON-THE-FLY STATE SPACE CONSTRUCTION OF CSL^TA MODEL CHECKING.
USING IMPLICIT STEADY STATE MRP SOLUTION METHOD.
USING POWER METHOD METHOD FOR IMPLICIT STATIONARY ANALYSIS.
RATE PARAMETER "AR1" SET TO 30
RATE PARAMETER "BR1" SET TO 20
RATE PARAMETER "CR1" SET TO 10
MARKING PARAMETER "I" SET TO 15
MARKING PARAMETER "NR1" SET TO 10
                                                                              

TANGIBLE STATES:                  3421
VANISHING STATES:                    0
NUMBER OF TIMED EDGES:           16170  (16170 T->T, 0 T->V, 0 T->V*->T).
NUMBER OF IMMEDIATE EDGES:           0  (0 V->T, 0 V->V).
TOTAL NUMBER OF EDGES:           16170
IMMEDIATE TRNS. FIRINGS:             0
TIMED TRNS. FIRINGS:             16170
VISITED VANISHING STATES:            0
GENERAL TRANSITIONS:                 0
NON-PREEMPTIVE EXP. TRNS.:       16170
PREEMPTIVE EXP. TRANSITIONS:         0
MEMORY USAGE:
TRANSITION-SET ENTRIES:              0
VANISH-PATH ENTRIES:                 0
VANISH-PATH-SET ENTRIES:             0
PACKED MARKINGS:                 15006 BYTES
STATE SET DATA:                   7270 BYTES
EDGES DATA:                      77391 BYTES

PACKED TANGIBLE MARKINGS TABLE:
STORED SEQUENCES: 3421, FRAGMENTS: 865
  SEQUENCES MEMORY:      11976 BYTES.
  FRAGMENTS MEMORY:       3030 BYTES.
      TOTAL MEMORY:      15006 BYTES.
MEAN MEMORY PER SEQUENCE IS: 4.38644 BYTES.
  USED FOR SEQUENCE DATA: 3.50073 BYTES.
        USED FOR HASHING: 0 BYTES.
      USED FOR FRAGMENTS: 0.885706 BYTES.
BUILD TIME: [User 0.040s, Sys 0.003s]


THE RG IS A CONTINUOS TIME MARKOV CHAIN


COMPUTING STEADY STATE SOLUTION OF THE CTMC...
FORWARD STEADY STATE SOLUTION OF ERGODIC CTMC.
FORWARD GAUSS-SEIDEL: convergence in 136 iterations, err=9.75854e-08               



STEADY STATE SOLUTION COMPUTED.

SOLUTION TIME: [User 0.123s, Sys 0.003s]

COMPUTING BASIC PETRI NET MEASURES.
E{a} = 0.197515
E{c} = 3.95036
E{R1} = 0.124231
E{b} = 1.54998
E{d} = 3.37673
E{e} = 5.92541
Distrib{a} = { 0.820139, 0.163247, 0.0156165, 0.000953718, 4.16769e-05, 1.38413e-06, 3.61138e-08, 7.47026e-10, 1.22785e-11, 1.59699e-13, 1.62534e-15, 1.26828e-17, 7.33214e-20, 2.96061e-22, 7.45772e-25, 8.82645e-28 }
Distrib{c} = { 0.00664563, 0.0431459, 0.12622, 0.219145, 0.250123, 0.196131, 0.107021, 0.0401291, 0.00989563, 0.00144899, 9.56547e-05 }
Distrib{R1} = { 0.883312, 0.109449, 0.00694426, 0.000286574, 8.23858e-06, 1.6979e-07, 2.5435e-09, 2.75429e-11, 2.07358e-13, 9.80133e-16, 2.20018e-18 }
Distrib{b} = { 0.284644, 0.277184, 0.193185, 0.12899, 0.0817786, 0.0329887, 0.00120871, 2.08628e-05, 2.16647e-07, 1.48756e-09, 7.03598e-12, 2.31883e-14, 5.25686e-17, 7.85025e-20, 6.98229e-23, 2.81435e-26 }
Distrib{d} = { 0.0404661, 0.086584, 0.134641, 0.201403, 0.28217, 0.240802, 0.0135726, 0.000355641, 5.58088e-06, 5.77731e-08, 4.114e-10, 2.03932e-12, 6.94903e-15, 1.559e-17, 2.08239e-20, 1.26015e-23 }
Distrib{e} = { 0.000129592, 0.00186732, 0.012128, 0.0467611, 0.118537, 0.206422, 0.250062, 0.20805, 0.113752, 0.0368992, 0.00539149 }
X{ExecPA1} = 3.95036
X{Xor1} = 3.95031
X{Xor2} = 5.92546
X{AlcPA1} = 3.95031
X{AlcPB1} = 5.92546
X{ExecPB1} = 5.92541


BASIC PETRI NET MEASURES COMPUTED.
[edisone@manjaro ~]$ sudo /home/edisone/Documents/research/GreatSPN/DSPN-Tool-Release -load /home/edisone/Documents/research/GreatSPN/nets/MacroscopicTests/macroscopic.PNPRO.solution/GSPNC1 -epsilon 1.0E-7 -on-the-fly -i -i-power -rpar AR1 30.0 -rpar BR1 20.0 -rpar CR1 10.0 -mpar I 16 -mpar NR1 10 -s -all-measures
LOADING PETRI NET FILES /home/edisone/Documents/research/GreatSPN/nets/MacroscopicTests/macroscopic.PNPRO.solution/GSPNC1.net AND /home/edisone/Documents/research/GreatSPN/nets/MacroscopicTests/macroscopic.PNPRO.solution/GSPNC1.def ...
MARKING PAR: 2
PLACES:      6
RATE PAR:    3
TRANSITIONS: 6
MEASURES:    0
LOADING TIME: [User 0.000s, Sys 0.000s]


MAX. RESIDUAL ERROR SET TO 1e-07 FOR NUMERICAL ANALYSIS.
USING ON-THE-FLY STATE SPACE CONSTRUCTION OF CSL^TA MODEL CHECKING.
USING IMPLICIT STEADY STATE MRP SOLUTION METHOD.
USING POWER METHOD METHOD FOR IMPLICIT STATIONARY ANALYSIS.
RATE PARAMETER "AR1" SET TO 30
RATE PARAMETER "BR1" SET TO 20
RATE PARAMETER "CR1" SET TO 10
MARKING PARAMETER "I" SET TO 16
MARKING PARAMETER "NR1" SET TO 10
                                                                              

TANGIBLE STATES:                  4103
VANISHING STATES:                    0
NUMBER OF TIMED EDGES:           19602  (19602 T->T, 0 T->V, 0 T->V*->T).
NUMBER OF IMMEDIATE EDGES:           0  (0 V->T, 0 V->V).
TOTAL NUMBER OF EDGES:           19602
IMMEDIATE TRNS. FIRINGS:             0
TIMED TRNS. FIRINGS:             19602
VISITED VANISHING STATES:            0
GENERAL TRANSITIONS:                 0
NON-PREEMPTIVE EXP. TRNS.:       19602
PREEMPTIVE EXP. TRANSITIONS:         0
MEMORY USAGE:
TRANSITION-SET ENTRIES:              0
VANISH-PATH ENTRIES:                 0
VANISH-PATH-SET ENTRIES:             0
PACKED MARKINGS:                 18412 BYTES
STATE SET DATA:                   9232 BYTES
EDGES DATA:                      94982 BYTES

PACKED TANGIBLE MARKINGS TABLE:
STORED SEQUENCES: 4103, FRAGMENTS: 976
  SEQUENCES MEMORY:      14874 BYTES.
  FRAGMENTS MEMORY:       3538 BYTES.
      TOTAL MEMORY:      18412 BYTES.
MEAN MEMORY PER SEQUENCE IS: 4.48745 BYTES.
  USED FOR SEQUENCE DATA: 3.62515 BYTES.
        USED FOR HASHING: 0 BYTES.
      USED FOR FRAGMENTS: 0.862296 BYTES.
BUILD TIME: [User 0.049s, Sys 0.000s]


THE RG IS A CONTINUOS TIME MARKOV CHAIN


COMPUTING STEADY STATE SOLUTION OF THE CTMC...
FORWARD STEADY STATE SOLUTION OF ERGODIC CTMC.
FORWARD GAUSS-SEIDEL: convergence in 166 iterations, err=9.41555e-08               



STEADY STATE SOLUTION COMPUTED.

SOLUTION TIME: [User 0.156s, Sys 0.000s]

COMPUTING BASIC PETRI NET MEASURES.
E{a} = 0.197557
E{c} = 3.95118
E{R1} = 0.122173
E{b} = 1.72415
E{d} = 4.20047
E{e} = 5.92664
Distrib{a} = { 0.820114, 0.16326, 0.015627, 0.00095585, 4.19028e-05, 1.40004e-06, 3.70005e-08, 7.90105e-10, 1.36745e-11, 1.91442e-13, 2.1524e-15, 1.91725e-17, 1.32332e-19, 6.82897e-22, 2.48106e-24, 5.66269e-27, 6.11005e-30 }
Distrib{c} = { 0.00663107, 0.0430803, 0.126111, 0.219087, 0.250178, 0.196236, 0.107088, 0.0401481, 0.00989646, 0.00144828, 9.55427e-05 }
Distrib{R1} = { 0.885098, 0.107918, 0.00670475, 0.000271358, 7.66378e-06, 1.54325e-07, 2.22265e-09, 2.26362e-11, 1.57091e-13, 6.75507e-16, 1.37204e-18 }
Distrib{b} = { 0.27159, 0.264476, 0.184378, 0.123663, 0.0821023, 0.0520239, 0.020985, 0.000768892, 1.32714e-05, 1.37814e-07, 9.46248e-10, 4.47521e-12, 1.47423e-14, 3.33754e-17, 4.9679e-20, 4.39042e-23, 1.75009e-26 }
Distrib{d} = { 0.0257411, 0.0550758, 0.0856654, 0.128999, 0.19223, 0.269236, 0.229759, 0.0129501, 0.00033933, 5.32489e-06, 5.51219e-08, 3.92483e-10, 1.94469e-12, 6.61746e-15, 1.47977e-17, 1.96388e-20, 1.17522e-23 }
Distrib{e} = { 0.000128773, 0.0018585, 0.0120883, 0.0466665, 0.118416, 0.206366, 0.250125, 0.208174, 0.113845, 0.036935, 0.00539743 }
X{ExecPA1} = 3.95118
X{Xor1} = 3.95113
X{Xor2} = 5.9267
X{AlcPA1} = 3.95115
X{AlcPB1} = 5.92668
X{ExecPB1} = 5.92664


BASIC PETRI NET MEASURES COMPUTED.
[edisone@manjaro ~]$ sudo /home/edisone/Documents/research/GreatSPN/DSPN-Tool-Release -load /home/edisone/Documents/research/GreatSPN/nets/MacroscopicTests/macroscopic.PNPRO.solution/GSPNC1 -epsilon 1.0E-7 -on-the-fly -i -i-power -rpar AR1 30.0 -rpar BR1 20.0 -rpar CR1 10.0 -mpar I 17 -mpar NR1 10 -s -all-measures
LOADING PETRI NET FILES /home/edisone/Documents/research/GreatSPN/nets/MacroscopicTests/macroscopic.PNPRO.solution/GSPNC1.net AND /home/edisone/Documents/research/GreatSPN/nets/MacroscopicTests/macroscopic.PNPRO.solution/GSPNC1.def ...
MARKING PAR: 2
PLACES:      6
RATE PAR:    3
TRANSITIONS: 6
MEASURES:    0
LOADING TIME: [User 0.000s, Sys 0.000s]


MAX. RESIDUAL ERROR SET TO 1e-07 FOR NUMERICAL ANALYSIS.
USING ON-THE-FLY STATE SPACE CONSTRUCTION OF CSL^TA MODEL CHECKING.
USING IMPLICIT STEADY STATE MRP SOLUTION METHOD.
USING POWER METHOD METHOD FOR IMPLICIT STATIONARY ANALYSIS.
RATE PARAMETER "AR1" SET TO 30
RATE PARAMETER "BR1" SET TO 20
RATE PARAMETER "CR1" SET TO 10
MARKING PARAMETER "I" SET TO 17
MARKING PARAMETER "NR1" SET TO 10
                                                                              

TANGIBLE STATES:                  4851
VANISHING STATES:                    0
NUMBER OF TIMED EDGES:           23386  (23386 T->T, 0 T->V, 0 T->V*->T).
NUMBER OF IMMEDIATE EDGES:           0  (0 V->T, 0 V->V).
TOTAL NUMBER OF EDGES:           23386
IMMEDIATE TRNS. FIRINGS:             0
TIMED TRNS. FIRINGS:             23386
VISITED VANISHING STATES:            0
GENERAL TRANSITIONS:                 0
NON-PREEMPTIVE EXP. TRNS.:       23386
PREEMPTIVE EXP. TRANSITIONS:         0
MEMORY USAGE:
TRANSITION-SET ENTRIES:              0
VANISH-PATH ENTRIES:                 0
VANISH-PATH-SET ENTRIES:             0
PACKED MARKINGS:                 21537 BYTES
STATE SET DATA:                  10915 BYTES
EDGES DATA:                     114431 BYTES

PACKED TANGIBLE MARKINGS TABLE:
STORED SEQUENCES: 4851, FRAGMENTS: 1089
  SEQUENCES MEMORY:      17587 BYTES.
  FRAGMENTS MEMORY:       3950 BYTES.
      TOTAL MEMORY:      21537 BYTES.
MEAN MEMORY PER SEQUENCE IS: 4.4397 BYTES.
  USED FOR SEQUENCE DATA: 3.62544 BYTES.
        USED FOR HASHING: 0 BYTES.
      USED FOR FRAGMENTS: 0.814265 BYTES.
BUILD TIME: [User 0.053s, Sys 0.003s]


THE RG IS A CONTINUOS TIME MARKOV CHAIN


COMPUTING STEADY STATE SOLUTION OF THE CTMC...
FORWARD STEADY STATE SOLUTION OF ERGODIC CTMC.
FORWARD GAUSS-SEIDEL: convergence in 202 iterations, err=9.95489e-08               



STEADY STATE SOLUTION COMPUTED.

SOLUTION TIME: [User 0.186s, Sys 0.003s]

COMPUTING BASIC PETRI NET MEASURES.
E{a} = 0.197582
E{c} = 3.9517
E{R1} = 0.120903
E{b} = 1.86133
E{d} = 5.06199
E{e} = 5.92739
Distrib{a} = { 0.820098, 0.163268, 0.0156335, 0.000957165, 4.20418e-05, 1.40958e-06, 3.74852e-08, 8.10663e-10, 1.44628e-11, 2.12736e-13, 2.56779e-15, 2.51967e-17, 1.97959e-19, 1.21623e-21, 5.63191e-24, 1.84913e-26, 3.83815e-29, 3.78754e-32 }
Distrib{c} = { 0.00662131, 0.0430365, 0.126039, 0.219051, 0.250219, 0.196308, 0.107131, 0.0401568, 0.00989439, 0.00144702, 9.5379e-05 }
Distrib{R1} = { 0.8862, 0.106973, 0.00655694, 0.000262012, 7.3256e-06, 1.4615e-07, 2.07743e-09, 2.0651e-11, 1.37542e-13, 5.5747e-16, 1.05164e-18 }
Distrib{b} = { 0.263531, 0.256628, 0.17891, 0.120029, 0.0800482, 0.0531165, 0.0336557, 0.0135758, 0.000497418, 8.58566e-06, 8.91564e-08, 6.12159e-10, 2.89516e-12, 9.53713e-15, 2.15892e-17, 3.21238e-20, 2.83627e-23, 1.12824e-26 }
Distrib{d} = { 0.0166526, 0.0356295, 0.0554167, 0.0834687, 0.125213, 0.186531, 0.261247, 0.222941, 0.0125658, 0.00032926, 5.16687e-06, 5.3486e-08, 3.80834e-10, 1.88693e-12, 6.42027e-15, 1.43516e-17, 1.90283e-20, 1.13631e-23 }
Distrib{e} = { 0.000128156, 0.00185214, 0.0120611, 0.0466053, 0.118343, 0.206339, 0.25017, 0.20825, 0.113898, 0.0369541, 0.00540043 }
X{ExecPA1} = 3.9517
X{Xor1} = 3.95164
X{Xor2} = 5.92746
X{AlcPA1} = 3.95167
X{AlcPB1} = 5.92743
X{ExecPB1} = 5.92739


BASIC PETRI NET MEASURES COMPUTED.
[edisone@manjaro ~]$ sudo /home/edisone/Documents/research/GreatSPN/DSPN-Tool-Release -load /home/edisone/Documents/research/GreatSPN/nets/MacroscopicTests/macroscopic.PNPRO.solution/GSPNC1 -epsilon 1.0E-7 -on-the-fly -i -i-power -rpar AR1 30.0 -rpar BR1 20.0 -rpar CR1 10.0 -mpar I 18 -mpar NR1 10 -s -all-measures
LOADING PETRI NET FILES /home/edisone/Documents/research/GreatSPN/nets/MacroscopicTests/macroscopic.PNPRO.solution/GSPNC1.net AND /home/edisone/Documents/research/GreatSPN/nets/MacroscopicTests/macroscopic.PNPRO.solution/GSPNC1.def ...
MARKING PAR: 2
PLACES:      6
RATE PAR:    3
TRANSITIONS: 6
MEASURES:    0
LOADING TIME: [User 0.000s, Sys 0.000s]


MAX. RESIDUAL ERROR SET TO 1e-07 FOR NUMERICAL ANALYSIS.
USING ON-THE-FLY STATE SPACE CONSTRUCTION OF CSL^TA MODEL CHECKING.
USING IMPLICIT STEADY STATE MRP SOLUTION METHOD.
USING POWER METHOD METHOD FOR IMPLICIT STATIONARY ANALYSIS.
RATE PARAMETER "AR1" SET TO 30
RATE PARAMETER "BR1" SET TO 20
RATE PARAMETER "CR1" SET TO 10
MARKING PARAMETER "I" SET TO 18
MARKING PARAMETER "NR1" SET TO 10
                                                                              

TANGIBLE STATES:                  5665
VANISHING STATES:                    0
NUMBER OF TIMED EDGES:           27522  (27522 T->T, 0 T->V, 0 T->V*->T).
NUMBER OF IMMEDIATE EDGES:           0  (0 V->T, 0 V->V).
TOTAL NUMBER OF EDGES:           27522
IMMEDIATE TRNS. FIRINGS:             0
TIMED TRNS. FIRINGS:             27522
VISITED VANISHING STATES:            0
GENERAL TRANSITIONS:                 0
NON-PREEMPTIVE EXP. TRNS.:       27522
PREEMPTIVE EXP. TRANSITIONS:         0
MEMORY USAGE:
TRANSITION-SET ENTRIES:              0
VANISH-PATH ENTRIES:                 0
VANISH-PATH-SET ENTRIES:             0
PACKED MARKINGS:                 25250 BYTES
STATE SET DATA:                  12747 BYTES
EDGES DATA:                     135656 BYTES

PACKED TANGIBLE MARKINGS TABLE:
STORED SEQUENCES: 5665, FRAGMENTS: 1204
  SEQUENCES MEMORY:      20734 BYTES.
  FRAGMENTS MEMORY:       4516 BYTES.
      TOTAL MEMORY:      25250 BYTES.
MEAN MEMORY PER SEQUENCE IS: 4.45719 BYTES.
  USED FOR SEQUENCE DATA: 3.66002 BYTES.
        USED FOR HASHING: 0 BYTES.
      USED FOR FRAGMENTS: 0.797176 BYTES.
BUILD TIME: [User 0.066s, Sys 0.006s]


THE RG IS A CONTINUOS TIME MARKOV CHAIN


COMPUTING STEADY STATE SOLUTION OF THE CTMC...
FORWARD STEADY STATE SOLUTION OF ERGODIC CTMC.
FORWARD GAUSS-SEIDEL: convergence in 242 iterations, err=9.77366e-08               



STEADY STATE SOLUTION COMPUTED.

SOLUTION TIME: [User 0.246s, Sys 0.006s]

COMPUTING BASIC PETRI NET MEASURES.
E{a} = 0.197598
E{c} = 3.95203
E{R1} = 0.120097
E{b} = 1.96776
E{d} = 5.95474
E{e} = 5.92787
Distrib{a} = { 0.820088, 0.163273, 0.0156376, 0.000957999, 4.21299e-05, 1.41561e-06, 3.77837e-08, 8.223e-10, 1.48551e-11, 2.24992e-13, 2.84846e-15, 2.99462e-17, 2.58606e-19, 1.80443e-21, 9.92527e-24, 4.14431e-26, 1.23483e-28, 2.33933e-31, 2.11784e-34 }
Distrib{c} = { 0.00661483, 0.0430076, 0.125992, 0.219028, 0.250248, 0.196357, 0.107159, 0.0401611, 0.00989192, 0.00144582, 9.52228e-05 }
Distrib{R1} = { 0.8869, 0.106374, 0.00646317, 0.000256085, 7.11323e-06, 1.41234e-07, 1.99814e-09, 1.97163e-11, 1.29375e-13, 5.10201e-16, 9.22462e-19 }
Distrib{b} = { 0.258417, 0.251649, 0.175439, 0.117703, 0.0785186, 0.052336, 0.0347264, 0.0220035, 0.00887566, 0.000325206, 5.61321e-06, 5.82896e-08, 4.00225e-10, 1.89284e-12, 6.23533e-15, 1.41149e-17, 2.1002e-20, 1.85414e-23, 7.37356e-27 }
Distrib{d} = { 0.0108872, 0.0232939, 0.0362298, 0.0545675, 0.0818772, 0.122788, 0.182913, 0.256179, 0.218615, 0.012322, 0.000322871, 5.06662e-06, 5.24482e-08, 3.73445e-10, 1.85032e-12, 6.29566e-15, 1.40727e-17, 1.86569e-20, 1.11381e-23 }
Distrib{e} = { 0.000127703, 0.00184766, 0.0120426, 0.0465653, 0.118297, 0.206324, 0.250201, 0.208297, 0.11393, 0.0369652, 0.00540206 }
X{ExecPA1} = 3.95203
X{Xor1} = 3.95196
X{Xor2} = 5.92794
X{AlcPA1} = 3.952
X{AlcPB1} = 5.9279
X{ExecPB1} = 5.92787


BASIC PETRI NET MEASURES COMPUTED.
[edisone@manjaro ~]$ sudo /home/edisone/Documents/research/GreatSPN/DSPN-Tool-Release -load /home/edisone/Documents/research/GreatSPN/nets/MacroscopicTests/macroscopic.PNPRO.solution/GSPNC1 -epsilon 1.0E-7 -on-the-fly -i -i-power -rpar AR1 30.0 -rpar BR1 20.0 -rpar CR1 10.0 -mpar I 19 -mpar NR1 10 -s -all-measures
LOADING PETRI NET FILES /home/edisone/Documents/research/GreatSPN/nets/MacroscopicTests/macroscopic.PNPRO.solution/GSPNC1.net AND /home/edisone/Documents/research/GreatSPN/nets/MacroscopicTests/macroscopic.PNPRO.solution/GSPNC1.def ...
MARKING PAR: 2
PLACES:      6
RATE PAR:    3
TRANSITIONS: 6
MEASURES:    0
LOADING TIME: [User 0.000s, Sys 0.000s]


MAX. RESIDUAL ERROR SET TO 1e-07 FOR NUMERICAL ANALYSIS.
USING ON-THE-FLY STATE SPACE CONSTRUCTION OF CSL^TA MODEL CHECKING.
USING IMPLICIT STEADY STATE MRP SOLUTION METHOD.
USING POWER METHOD METHOD FOR IMPLICIT STATIONARY ANALYSIS.
RATE PARAMETER "AR1" SET TO 30
RATE PARAMETER "BR1" SET TO 20
RATE PARAMETER "CR1" SET TO 10
MARKING PARAMETER "I" SET TO 19
MARKING PARAMETER "NR1" SET TO 10
                                                                              

TANGIBLE STATES:                  6545
VANISHING STATES:                    0
NUMBER OF TIMED EDGES:           32010  (32010 T->T, 0 T->V, 0 T->V*->T).
NUMBER OF IMMEDIATE EDGES:           0  (0 V->T, 0 V->V).
TOTAL NUMBER OF EDGES:           32010
IMMEDIATE TRNS. FIRINGS:             0
TIMED TRNS. FIRINGS:             32010
VISITED VANISHING STATES:            0
GENERAL TRANSITIONS:                 0
NON-PREEMPTIVE EXP. TRNS.:       32010
PREEMPTIVE EXP. TRANSITIONS:         0
MEMORY USAGE:
TRANSITION-SET ENTRIES:              0
VANISH-PATH ENTRIES:                 0
VANISH-PATH-SET ENTRIES:             0
PACKED MARKINGS:                 29296 BYTES
STATE SET DATA:                  14727 BYTES
EDGES DATA:                     158713 BYTES

PACKED TANGIBLE MARKINGS TABLE:
STORED SEQUENCES: 6545, FRAGMENTS: 1321
  SEQUENCES MEMORY:      24340 BYTES.
  FRAGMENTS MEMORY:       4956 BYTES.
      TOTAL MEMORY:      29296 BYTES.
MEAN MEMORY PER SEQUENCE IS: 4.47609 BYTES.
  USED FOR SEQUENCE DATA: 3.71887 BYTES.
        USED FOR HASHING: 0 BYTES.
      USED FOR FRAGMENTS: 0.757219 BYTES.
BUILD TIME: [User 0.066s, Sys 0.006s]


THE RG IS A CONTINUOS TIME MARKOV CHAIN


COMPUTING STEADY STATE SOLUTION OF THE CTMC...
FORWARD STEADY STATE SOLUTION OF ERGODIC CTMC.
FORWARD GAUSS-SEIDEL: convergence in 282 iterations, err=9.93050e-08               



STEADY STATE SOLUTION COMPUTED.

SOLUTION TIME: [User 0.293s, Sys 0.006s]

COMPUTING BASIC PETRI NET MEASURES.
E{a} = 0.197608
E{c} = 3.95225
E{R1} = 0.119577
E{b} = 2.04924
E{d} = 6.87273
E{e} = 5.92817
Distrib{a} = { 0.820081, 0.163276, 0.0156403, 0.000958538, 4.21868e-05, 1.41951e-06, 3.79754e-08, 8.29583e-10, 1.50825e-11, 2.31278e-13, 3.01236e-15, 3.31734e-17, 3.06435e-19, 2.34606e-21, 1.46288e-23, 7.24246e-26, 2.73939e-28, 7.43667e-31, 1.29032e-33, 1.07494e-36 }
Distrib{c} = { 0.00661048, 0.0429883, 0.12596, 0.219013, 0.250267, 0.19639, 0.107178, 0.0401637, 0.00988996, 0.00144488, 9.50971e-05 }
Distrib{R1} = { 0.887351, 0.105987, 0.00640265, 0.00025226, 6.97631e-06, 1.38108e-07, 1.94976e-09, 1.91943e-11, 1.25425e-13, 4.90095e-16, 8.70119e-19 }
Distrib{b} = { 0.255116, 0.248435, 0.173199, 0.1162, 0.0775178, 0.0516835, 0.034448, 0.0228575, 0.0144833, 0.00584222, 0.000214061, 3.69481e-06, 3.83683e-08, 2.63443e-10, 1.24594e-12, 4.10436e-15, 9.29103e-18, 1.38244e-20, 1.22047e-23, 4.85351e-27 }
Distrib{d} = { 0.00716629, 0.0153326, 0.023847, 0.0359163, 0.0538894, 0.0808344, 0.12122, 0.180577, 0.252906, 0.215823, 0.0121646, 0.000318747, 5.00189e-06, 5.17782e-08, 3.68674e-10, 1.82668e-12, 6.21523e-15, 1.38929e-17, 1.84184e-20, 1.09955e-23 }
Distrib{e} = { 0.000127383, 0.00184458, 0.0120304, 0.0465394, 0.118269, 0.206317, 0.250221, 0.208328, 0.113949, 0.0369717, 0.00540297 }
X{ExecPA1} = 3.95225
X{Xor1} = 3.95217
X{Xor2} = 5.92825
X{AlcPA1} = 3.95222
X{AlcPB1} = 5.9282
X{ExecPB1} = 5.92817


BASIC PETRI NET MEASURES COMPUTED.
[edisone@manjaro ~]$ sudo /home/edisone/Documents/research/GreatSPN/DSPN-Tool-Release -load /home/edisone/Documents/research/GreatSPN/nets/MacroscopicTests/macroscopic.PNPRO.solution/GSPNC1 -epsilon 1.0E-7 -on-the-fly -i -i-power -rpar AR1 30.0 -rpar BR1 20.0 -rpar CR1 10.0 -mpar I 20 -mpar NR1 10 -s -all-measures
LOADING PETRI NET FILES /home/edisone/Documents/research/GreatSPN/nets/MacroscopicTests/macroscopic.PNPRO.solution/GSPNC1.net AND /home/edisone/Documents/research/GreatSPN/nets/MacroscopicTests/macroscopic.PNPRO.solution/GSPNC1.def ...
MARKING PAR: 2
PLACES:      6
RATE PAR:    3
TRANSITIONS: 6
MEASURES:    0
LOADING TIME: [User 0.000s, Sys 0.000s]


MAX. RESIDUAL ERROR SET TO 1e-07 FOR NUMERICAL ANALYSIS.
USING ON-THE-FLY STATE SPACE CONSTRUCTION OF CSL^TA MODEL CHECKING.
USING IMPLICIT STEADY STATE MRP SOLUTION METHOD.
USING POWER METHOD METHOD FOR IMPLICIT STATIONARY ANALYSIS.
RATE PARAMETER "AR1" SET TO 30
RATE PARAMETER "BR1" SET TO 20
RATE PARAMETER "CR1" SET TO 10
MARKING PARAMETER "I" SET TO 20
MARKING PARAMETER "NR1" SET TO 10
                                                                              

TANGIBLE STATES:                  7491
VANISHING STATES:                    0
NUMBER OF TIMED EDGES:           36850  (36850 T->T, 0 T->V, 0 T->V*->T).
NUMBER OF IMMEDIATE EDGES:           0  (0 V->T, 0 V->V).
TOTAL NUMBER OF EDGES:           36850
IMMEDIATE TRNS. FIRINGS:             0
TIMED TRNS. FIRINGS:             36850
VISITED VANISHING STATES:            0
GENERAL TRANSITIONS:                 0
NON-PREEMPTIVE EXP. TRNS.:       36850
PREEMPTIVE EXP. TRANSITIONS:         0
MEMORY USAGE:
TRANSITION-SET ENTRIES:              0
VANISH-PATH ENTRIES:                 0
VANISH-PATH-SET ENTRIES:             0
PACKED MARKINGS:                 33407 BYTES
STATE SET DATA:                  17280 BYTES
EDGES DATA:                     184056 BYTES

PACKED TANGIBLE MARKINGS TABLE:
STORED SEQUENCES: 7491, FRAGMENTS: 1440
  SEQUENCES MEMORY:      28007 BYTES.
  FRAGMENTS MEMORY:       5400 BYTES.
      TOTAL MEMORY:      33407 BYTES.
MEAN MEMORY PER SEQUENCE IS: 4.45962 BYTES.
  USED FOR SEQUENCE DATA: 3.73875 BYTES.
        USED FOR HASHING: 0 BYTES.
      USED FOR FRAGMENTS: 0.720865 BYTES.
BUILD TIME: [User 0.083s, Sys 0.000s]


THE RG IS A CONTINUOS TIME MARKOV CHAIN


COMPUTING STEADY STATE SOLUTION OF THE CTMC...
FORWARD STEADY STATE SOLUTION OF ERGODIC CTMC.
FORWARD GAUSS-SEIDEL: convergence in 322 iterations, err=9.99751e-08               



STEADY STATE SOLUTION COMPUTED.

SOLUTION TIME: [User 0.366s, Sys 0.000s]

COMPUTING BASIC PETRI NET MEASURES.
E{a} = 0.197615
E{c} = 3.9524
E{R1} = 0.119238
E{b} = 2.11087
E{d} = 7.81075
E{e} = 5.92837
Distrib{a} = { 0.820077, 0.163278, 0.015642, 0.000958889, 4.2224e-05, 1.42205e-06, 3.81005e-08, 8.34307e-10, 1.52262e-11, 2.3498e-13, 3.09834e-15, 3.50798e-17, 3.39089e-19, 2.77345e-21, 1.89489e-23, 1.06191e-25, 4.75529e-28, 1.63633e-30, 4.06256e-33, 6.47731e-36, 4.98017e-39 }
Distrib{c} = { 0.00660757, 0.0429754, 0.125939, 0.219003, 0.25028, 0.196412, 0.10719, 0.0401655, 0.00988858, 0.00144419, 9.50036e-05 }
Distrib{R1} = { 0.887646, 0.105734, 0.00636314, 0.000249763, 6.88694e-06, 1.36074e-07, 1.91878e-09, 1.88727e-11, 1.23183e-13, 4.80192e-16, 8.47676e-19 }
Distrib{b} = { 0.252961, 0.246336, 0.171736, 0.115219, 0.0768638, 0.0512486, 0.0341679, 0.022774, 0.0151117, 0.0095754, 0.00386253, 0.000141525, 2.4428e-06, 2.53671e-08, 1.74175e-10, 8.23757e-13, 2.71361e-15, 6.14283e-18, 9.14016e-21, 8.06931e-24, 3.20897e-27 }
Distrib{d} = { 0.00473792, 0.0101369, 0.0157658, 0.0237446, 0.0356258, 0.0534365, 0.0801524, 0.120197, 0.179051, 0.25077, 0.214, 0.0120618, 0.000316054, 4.95964e-06, 5.13408e-08, 3.65559e-10, 1.81125e-12, 6.16272e-15, 1.37755e-17, 1.82628e-20, 1.09026e-23 }
Distrib{e} = { 0.00012716, 0.00184251, 0.0120223, 0.0465226, 0.118251, 0.206312, 0.250235, 0.208347, 0.113962, 0.0369757, 0.00540351 }
X{ExecPA1} = 3.9524
X{Xor1} = 3.9523
X{Xor2} = 5.92846
X{AlcPA1} = 3.95237
X{AlcPB1} = 5.92839
X{ExecPB1} = 5.92837


BASIC PETRI NET MEASURES COMPUTED.
[edisone@manjaro ~]$ 

